  main.cpp
C:\Users\kg5in\Documents\GitHub\Bounce\Bounce\Bounce\Rect.h(19,14): warning C4244: 'return': conversion from 'float' to 'int', possible loss of data
C:\Users\kg5in\Documents\GitHub\Bounce\Bounce\Bounce\Rect.h(22,14): warning C4244: 'return': conversion from 'float' to 'int', possible loss of data
C:\Users\kg5in\Documents\GitHub\Bounce\Bounce\Bounce\Text.h(13,20): warning C4244: '=': conversion from 'float' to 'int', possible loss of data
C:\Users\kg5in\Documents\GitHub\Bounce\Bounce\Bounce\Text.h(14,20): warning C4244: '=': conversion from 'float' to 'int', possible loss of data
C:\Users\kg5in\Documents\GitHub\Bounce\Bounce\Bounce\Text.h(37,1): warning C4244: '*=': conversion from 'float' to 'int', possible loss of data
C:\Users\kg5in\Documents\GitHub\Bounce\Bounce\Bounce\Text.h(38,1): warning C4244: '*=': conversion from 'float' to 'int', possible loss of data
C:\Users\kg5in\Documents\GitHub\Bounce\Bounce\Bounce\RenderWindow.h(45,21): warning C4244: '=': conversion from 'float' to 'int', possible loss of data
C:\Users\kg5in\Documents\GitHub\Bounce\Bounce\Bounce\RenderWindow.h(46,21): warning C4244: '=': conversion from 'float' to 'int', possible loss of data
C:\Users\kg5in\Documents\GitHub\Bounce\Bounce\Bounce\main.cpp(19,17): warning C4305: 'initializing': truncation from 'double' to 'float'
C:\Users\kg5in\Documents\GitHub\Bounce\Bounce\Bounce\main.cpp(20,18): warning C4305: 'initializing': truncation from 'double' to 'float'
C:\Users\kg5in\Documents\GitHub\Bounce\Bounce\Bounce\main.cpp(24,77): warning C4244: 'argument': conversion from 'int' to 'float', possible loss of data
C:\Users\kg5in\Documents\GitHub\Bounce\Bounce\Bounce\main.cpp(24,74): warning C4244: 'argument': conversion from 'int' to 'float', possible loss of data
C:\Users\kg5in\Documents\GitHub\Bounce\Bounce\Bounce\main.cpp(24,64): warning C4244: 'argument': conversion from 'int' to 'float', possible loss of data
C:\Users\kg5in\Documents\GitHub\Bounce\Bounce\Bounce\main.cpp(24,40): warning C4244: 'argument': conversion from 'int' to 'float', possible loss of data
C:\Users\kg5in\Documents\GitHub\Bounce\Bounce\Bounce\main.cpp(25,50): warning C4244: 'argument': conversion from 'int' to 'float', possible loss of data
C:\Users\kg5in\Documents\GitHub\Bounce\Bounce\Bounce\main.cpp(25,25): warning C4244: 'argument': conversion from 'int' to 'float', possible loss of data
C:\Users\kg5in\Documents\GitHub\Bounce\Bounce\Bounce\main.cpp(26,27): warning C4244: 'argument': conversion from 'int' to 'float', possible loss of data
C:\Users\kg5in\Documents\GitHub\Bounce\Bounce\Bounce\main.cpp(27,29): warning C4244: 'argument': conversion from 'int' to 'float', possible loss of data
  Bounce.vcxproj -> C:\Users\kg5in\Documents\GitHub\Bounce\Bounce\Debug\Bounce.exe
